2025-06-25 22:01:08,791 - INFO - Starting automated LBBD execution
2025-06-25 22:01:08,791 - INFO - Log file: lbbd_run_20250625_220108.log
2025-06-25 22:01:08,791 - INFO - Loading data...
2025-06-25 22:01:08,791 - INFO - Loading block group demand data...
2025-06-25 22:01:08,792 - WARNING - Commuting file not found: 2023_target_tract_commuting/ACSDT5Y2023.B08303-Data.csv
2025-06-25 22:01:08,793 - INFO - Created demand data for 130 block groups
2025-06-25 22:01:08,793 - INFO - Setting up GeoData...
2025-06-25 22:01:09,178 - INFO - Built arc structures: 710 directed arcs for 130 nodes
2025-06-25 22:01:09,179 - INFO - GeoData initialized with 130 block groups
2025-06-25 22:01:09,179 - INFO - Creating probability dictionary...
2025-06-25 22:01:09,179 - INFO - Created probability dict with total probability: 1.0000
2025-06-25 22:01:09,179 - INFO - 
============================================================
2025-06-25 22:01:09,179 - INFO - Running experiment 1/1: tiny_test
2025-06-25 22:01:09,179 - INFO - ============================================================
2025-06-25 22:01:09,179 - INFO - Starting LBBD experiment: tiny_test
2025-06-25 22:01:09,179 - INFO - Config: Tiny test with just 6 blocks for debugging
2025-06-25 22:01:09,186 - INFO - Set parameter Username
2025-06-25 22:01:09,191 - INFO - Academic license - for non-commercial use only - expires 2025-09-20
2025-06-25 22:01:17,045 - ERROR - Master problem failed to solve optimally. Status: 3
2025-06-25 22:01:17,046 - ERROR - Master problem is infeasible
2025-06-25 22:01:54,285 - ERROR - IIS written to file for debugging
2025-06-25 22:01:54,286 - ERROR - No solution available
2025-06-25 22:01:54,286 - ERROR - Error during LBBD execution: Master problem optimization failed with status 3
2025-06-25 22:01:54,286 - ERROR - ✗ Experiment tiny_test failed: Master problem optimization failed with status 3
2025-06-25 22:01:54,353 - INFO - Automated LBBD execution completed successfully
