2025-06-26 02:37:26,856 - INFO - Starting automated LBBD execution
2025-06-26 02:37:26,856 - INFO - Log file: lbbd_run_20250626_023726.log
2025-06-26 02:37:26,856 - INFO - Loading data...
2025-06-26 02:37:26,856 - INFO - Loading block group demand data...
2025-06-26 02:37:26,856 - WARNING - Commuting file not found: 2023_target_tract_commuting/ACSDT5Y2023.B08303-Data.csv
2025-06-26 02:37:26,857 - INFO - Created demand data for 130 block groups
2025-06-26 02:37:26,858 - INFO - Setting up GeoData...
2025-06-26 02:37:27,365 - INFO - Built arc structures: 710 directed arcs for 130 nodes
2025-06-26 02:37:27,365 - INFO - GeoData initialized with 130 block groups
2025-06-26 02:37:27,365 - INFO - Creating probability dictionary...
2025-06-26 02:37:27,365 - INFO - Created probability dict with total probability: 1.0000
2025-06-26 02:37:27,365 - INFO - 
============================================================
2025-06-26 02:37:27,365 - INFO - Running experiment 1/1: tiny_test
2025-06-26 02:37:27,365 - INFO - ============================================================
2025-06-26 02:37:27,365 - INFO - Starting LBBD experiment: tiny_test
2025-06-26 02:37:27,365 - INFO - Config: Tiny test with just 6 blocks for debugging
2025-06-26 02:37:27,368 - INFO - Set parameter Username
2025-06-26 02:37:27,373 - INFO - Academic license - for non-commercial use only - expires 2025-09-20
2025-06-26 02:37:29,073 - INFO - SDP district root 4980001: cost=11.3662, alpha=11.2174, T*=2.6323
2025-06-26 02:37:29,512 - INFO - SDP district root 5647003: cost=0.9336, alpha=0.2803, T*=0.5273
2025-06-26 02:37:31,532 - INFO - SDP district root 4980002: cost=11.3859, alpha=11.2428, T*=2.6323
2025-06-26 02:37:31,917 - INFO - SDP district root 4993001: cost=0.9011, alpha=0.2579, T*=0.5273
2025-06-26 02:37:35,202 - INFO - SDP district root 4993002: cost=11.3525, alpha=11.1999, T*=2.6323
2025-06-26 02:37:35,751 - INFO - SDP district root 4994001: cost=1.0138, alpha=0.3356, T*=0.5273
2025-06-26 02:37:39,100 - INFO - SDP district root 4994002: cost=11.4128, alpha=11.2772, T*=2.6323
2025-06-26 02:37:39,498 - INFO - SDP district root 4994003: cost=0.7611, alpha=0.1613, T*=0.5273
2025-06-26 02:37:42,460 - INFO - SDP district root 5003001: cost=11.4033, alpha=11.2651, T*=2.6323
2025-06-26 02:37:42,951 - INFO - SDP district root 5003002: cost=0.8697, alpha=0.2362, T*=0.5273
2025-06-26 02:37:43,005 - INFO - LBBD completed in 15.64 seconds
2025-06-26 02:37:43,006 - INFO - Best cost: 11.3525
2025-06-26 02:37:43,006 - INFO - Converged in 5 iterations
2025-06-26 02:37:43,012 - INFO - Results saved to lbbd_results/lbbd_tiny_test_20250626_023743.pkl and lbbd_results/lbbd_tiny_test_20250626_023743.json
2025-06-26 02:37:43,012 - INFO - ✓ Experiment tiny_test completed successfully
2025-06-26 02:37:43,012 - INFO -   Best cost: 11.3525
2025-06-26 02:37:43,012 - INFO -   Runtime: 15.64s
2025-06-26 02:37:43,012 - INFO -   Iterations: 5
2025-06-26 02:37:43,012 - INFO -   Converged: False
2025-06-26 02:37:43,016 - INFO - Combined results saved to lbbd_results/lbbd_combined_20250626_023743.pkl
2025-06-26 02:37:43,016 - INFO - 
============================================================
2025-06-26 02:37:43,016 - INFO - FINAL SUMMARY
2025-06-26 02:37:43,016 - INFO - ============================================================
2025-06-26 02:37:43,016 - INFO - tiny_test       | Cost:  11.3525 | Time:  15.64s | Iter:   5 | Conv: No
2025-06-26 02:37:43,017 - INFO - Automated LBBD execution completed successfully
