2025-06-26 02:31:39,352 - INFO - Starting automated LBBD execution
2025-06-26 02:31:39,352 - INFO - Log file: lbbd_run_20250626_023139.log
2025-06-26 02:31:39,352 - INFO - Loading data...
2025-06-26 02:31:39,352 - INFO - Loading block group demand data...
2025-06-26 02:31:39,352 - WARNING - Commuting file not found: 2023_target_tract_commuting/ACSDT5Y2023.B08303-Data.csv
2025-06-26 02:31:39,354 - INFO - Created demand data for 130 block groups
2025-06-26 02:31:39,354 - INFO - Setting up GeoData...
2025-06-26 02:31:39,876 - INFO - Built arc structures: 710 directed arcs for 130 nodes
2025-06-26 02:31:39,876 - INFO - GeoData initialized with 130 block groups
2025-06-26 02:31:39,876 - INFO - Creating probability dictionary...
2025-06-26 02:31:39,876 - INFO - Created probability dict with total probability: 1.0000
2025-06-26 02:31:39,876 - INFO - 
============================================================
2025-06-26 02:31:39,876 - INFO - Running experiment 1/1: tiny_test
2025-06-26 02:31:39,876 - INFO - ============================================================
2025-06-26 02:31:39,876 - INFO - Starting LBBD experiment: tiny_test
2025-06-26 02:31:39,876 - INFO - Config: Tiny test with just 6 blocks for debugging
2025-06-26 02:31:39,879 - INFO - Set parameter Username
2025-06-26 02:31:39,885 - INFO - Academic license - for non-commercial use only - expires 2025-09-20
2025-06-26 02:31:41,760 - INFO - SDP district root 4980001: cost=11.3662, alpha=11.2174, T*=2.6323
2025-06-26 02:31:42,422 - INFO - SDP district root 5647003: cost=0.9336, alpha=0.2803, T*=0.5273
2025-06-26 02:31:44,745 - INFO - SDP district root 4980002: cost=11.3974, alpha=11.2575, T*=2.6323
2025-06-26 02:31:45,142 - INFO - SDP district root 5647003: cost=0.7824, alpha=0.1760, T*=0.5273
2025-06-26 02:31:47,892 - INFO - SDP district root 5010001: cost=0.9244, alpha=0.2740, T*=0.5273
2025-06-26 02:31:48,221 - INFO - SDP district root 5647003: cost=11.3777, alpha=11.2321, T*=2.6323
2025-06-26 02:31:50,756 - INFO - SDP district root 4993001: cost=11.4152, alpha=11.2804, T*=2.6323
2025-06-26 02:31:51,472 - INFO - SDP district root 5647001: cost=0.7118, alpha=0.1273, T*=0.5273
2025-06-26 02:31:53,904 - INFO - SDP district root 4993002: cost=11.4152, alpha=11.2804, T*=2.6323
2025-06-26 02:31:54,358 - INFO - SDP district root 5647001: cost=0.7118, alpha=0.1273, T*=0.5273
2025-06-26 02:31:54,404 - INFO - LBBD completed in 14.53 seconds
2025-06-26 02:31:54,404 - INFO - Best cost: 11.3662
2025-06-26 02:31:54,404 - INFO - Converged in 5 iterations
2025-06-26 02:31:54,409 - INFO - Results saved to lbbd_results/lbbd_tiny_test_20250626_023154.pkl and lbbd_results/lbbd_tiny_test_20250626_023154.json
2025-06-26 02:31:54,409 - INFO - ✓ Experiment tiny_test completed successfully
2025-06-26 02:31:54,409 - INFO -   Best cost: 11.3662
2025-06-26 02:31:54,409 - INFO -   Runtime: 14.53s
2025-06-26 02:31:54,409 - INFO -   Iterations: 5
2025-06-26 02:31:54,409 - INFO -   Converged: False
2025-06-26 02:31:54,413 - INFO - Combined results saved to lbbd_results/lbbd_combined_20250626_023154.pkl
2025-06-26 02:31:54,413 - INFO - 
============================================================
2025-06-26 02:31:54,413 - INFO - FINAL SUMMARY
2025-06-26 02:31:54,413 - INFO - ============================================================
2025-06-26 02:31:54,413 - INFO - tiny_test       | Cost:  11.3662 | Time:  14.53s | Iter:   5 | Conv: No
2025-06-26 02:31:54,413 - INFO - Automated LBBD execution completed successfully
