2025-06-26 01:49:10,875 - INFO - Starting automated LBBD execution
2025-06-26 01:49:10,875 - INFO - Log file: lbbd_run_20250626_014910.log
2025-06-26 01:49:10,876 - INFO - Loading data...
2025-06-26 01:49:10,876 - INFO - Loading block group demand data...
2025-06-26 01:49:10,876 - WARNING - Commuting file not found: 2023_target_tract_commuting/ACSDT5Y2023.B08303-Data.csv
2025-06-26 01:49:10,877 - INFO - Created demand data for 130 block groups
2025-06-26 01:49:10,878 - INFO - Setting up GeoData...
2025-06-26 01:49:11,399 - INFO - Built arc structures: 710 directed arcs for 130 nodes
2025-06-26 01:49:11,399 - INFO - GeoData initialized with 130 block groups
2025-06-26 01:49:11,399 - INFO - Creating probability dictionary...
2025-06-26 01:49:11,399 - INFO - Created probability dict with total probability: 1.0000
2025-06-26 01:49:11,399 - INFO - 
============================================================
2025-06-26 01:49:11,399 - INFO - Running experiment 1/1: tiny_test
2025-06-26 01:49:11,399 - INFO - ============================================================
2025-06-26 01:49:11,399 - INFO - Starting LBBD experiment: tiny_test
2025-06-26 01:49:11,399 - INFO - Config: Tiny test with just 6 blocks for debugging
2025-06-26 01:49:11,402 - INFO - Set parameter Username
2025-06-26 01:49:11,407 - INFO - Academic license - for non-commercial use only - expires 2025-09-20
2025-06-26 01:49:13,669 - INFO - SDP district root 4980001: cost=11.3662, alpha=11.2174, T*=2.6323
2025-06-26 01:49:14,088 - INFO - SDP district root 5647003: cost=0.9336, alpha=0.2803, T*=0.5273
2025-06-26 01:49:16,590 - INFO - SDP district root 4980002: cost=11.3974, alpha=11.2575, T*=2.6323
2025-06-26 01:49:16,965 - INFO - SDP district root 5647003: cost=0.7824, alpha=0.1760, T*=0.5273
2025-06-26 01:49:21,009 - INFO - SDP district root 5010001: cost=0.9244, alpha=0.2740, T*=0.5273
2025-06-26 01:49:21,339 - INFO - SDP district root 5647003: cost=11.3777, alpha=11.2321, T*=2.6323
2025-06-26 01:49:25,197 - INFO - SDP district root 4993001: cost=11.4152, alpha=11.2804, T*=2.6323
2025-06-26 01:49:25,705 - INFO - SDP district root 5647001: cost=0.7118, alpha=0.1273, T*=0.5273
2025-06-26 01:49:29,283 - INFO - SDP district root 4993002: cost=11.4152, alpha=11.2804, T*=2.6323
2025-06-26 01:49:29,880 - INFO - SDP district root 5647001: cost=0.7118, alpha=0.1273, T*=0.5273
2025-06-26 01:49:29,937 - INFO - LBBD completed in 18.54 seconds
2025-06-26 01:49:29,937 - INFO - Best cost: 11.3662
2025-06-26 01:49:29,937 - INFO - Converged in 5 iterations
2025-06-26 01:49:29,943 - INFO - Results saved to lbbd_results/lbbd_tiny_test_20250626_014929.pkl and lbbd_results/lbbd_tiny_test_20250626_014929.json
2025-06-26 01:49:29,943 - INFO - ✓ Experiment tiny_test completed successfully
2025-06-26 01:49:29,943 - INFO -   Best cost: 11.3662
2025-06-26 01:49:29,943 - INFO -   Runtime: 18.54s
2025-06-26 01:49:29,943 - INFO -   Iterations: 5
2025-06-26 01:49:29,943 - INFO -   Converged: False
2025-06-26 01:49:29,947 - INFO - Combined results saved to lbbd_results/lbbd_combined_20250626_014929.pkl
2025-06-26 01:49:29,947 - INFO - 
============================================================
2025-06-26 01:49:29,947 - INFO - FINAL SUMMARY
2025-06-26 01:49:29,947 - INFO - ============================================================
2025-06-26 01:49:29,947 - INFO - tiny_test       | Cost:  11.3662 | Time:  18.54s | Iter:   5 | Conv: No
2025-06-26 01:49:29,947 - INFO - Automated LBBD execution completed successfully
